Determining if the pthread_create exist failed with the following output:
Change Dir: /home/ubuntu/Documents/opencv/hand/cameraCode/build/CMakeFiles/CMakeTmp

Run Build Command:"/usr/bin/make" "cmTC_cf27d/fast"
/usr/bin/make -f CMakeFiles/cmTC_cf27d.dir/build.make CMakeFiles/cmTC_cf27d.dir/build
make[1]: Entering directory '/home/ubuntu/Documents/opencv/hand/cameraCode/build/CMakeFiles/CMakeTmp'
Building C object CMakeFiles/cmTC_cf27d.dir/CheckSymbolExists.c.o
/usr/bin/cc    -fPIC    -o CMakeFiles/cmTC_cf27d.dir/CheckSymbolExists.c.o   -c /home/ubuntu/Documents/opencv/hand/cameraCode/build/CMakeFiles/CMakeTmp/CheckSymbolExists.c
Linking C executable cmTC_cf27d
/usr/bin/cmake -E cmake_link_script CMakeFiles/cmTC_cf27d.dir/link.txt --verbose=1
/usr/bin/cc  -fPIC     CMakeFiles/cmTC_cf27d.dir/CheckSymbolExists.c.o  -o cmTC_cf27d -rdynamic 
CMakeFiles/cmTC_cf27d.dir/CheckSymbolExists.c.o: In function `main':
CheckSymbolExists.c:(.text+0x14): undefined reference to `pthread_create'
CheckSymbolExists.c:(.text+0x18): undefined reference to `pthread_create'
collect2: error: ld returned 1 exit status
CMakeFiles/cmTC_cf27d.dir/build.make:97: recipe for target 'cmTC_cf27d' failed
make[1]: *** [cmTC_cf27d] Error 1
make[1]: Leaving directory '/home/ubuntu/Documents/opencv/hand/cameraCode/build/CMakeFiles/CMakeTmp'
Makefile:126: recipe for target 'cmTC_cf27d/fast' failed
make: *** [cmTC_cf27d/fast] Error 2

File /home/ubuntu/Documents/opencv/hand/cameraCode/build/CMakeFiles/CMakeTmp/CheckSymbolExists.c:
/* */
#include <pthread.h>

int main(int argc, char** argv)
{
  (void)argv;
#ifndef pthread_create
  return ((int*)(&pthread_create))[argc];
#else
  (void)argc;
  return 0;
#endif
}

Determining if the function pthread_create exists in the pthreads failed with the following output:
Change Dir: /home/ubuntu/Documents/opencv/hand/cameraCode/build/CMakeFiles/CMakeTmp

Run Build Command:"/usr/bin/make" "cmTC_73f0e/fast"
/usr/bin/make -f CMakeFiles/cmTC_73f0e.dir/build.make CMakeFiles/cmTC_73f0e.dir/build
make[1]: Entering directory '/home/ubuntu/Documents/opencv/hand/cameraCode/build/CMakeFiles/CMakeTmp'
Building C object CMakeFiles/cmTC_73f0e.dir/CheckFunctionExists.c.o
/usr/bin/cc    -fPIC -DCHECK_FUNCTION_EXISTS=pthread_create   -o CMakeFiles/cmTC_73f0e.dir/CheckFunctionExists.c.o   -c /usr/share/cmake-3.5/Modules/CheckFunctionExists.c
Linking C executable cmTC_73f0e
/usr/bin/cmake -E cmake_link_script CMakeFiles/cmTC_73f0e.dir/link.txt --verbose=1
/usr/bin/cc  -fPIC -DCHECK_FUNCTION_EXISTS=pthread_create    CMakeFiles/cmTC_73f0e.dir/CheckFunctionExists.c.o  -o cmTC_73f0e -rdynamic -lpthreads 
/usr/bin/ld: cannot find -lpthreads
collect2: error: ld returned 1 exit status
CMakeFiles/cmTC_73f0e.dir/build.make:97: recipe for target 'cmTC_73f0e' failed
make[1]: *** [cmTC_73f0e] Error 1
make[1]: Leaving directory '/home/ubuntu/Documents/opencv/hand/cameraCode/build/CMakeFiles/CMakeTmp'
Makefile:126: recipe for target 'cmTC_73f0e/fast' failed
make: *** [cmTC_73f0e/fast] Error 2


